2018-07-03 10:41:57  [ main:0 ] - [ ERROR ]  Failed to locate the winutils binary in the hadoop binary path
java.io.IOException: Could not locate executable null\bin\winutils.exe in the Hadoop binaries.
	at org.apache.hadoop.util.Shell.getQualifiedBinPath(Shell.java:378)
	at org.apache.hadoop.util.Shell.getWinUtilsPath(Shell.java:393)
	at org.apache.hadoop.util.Shell.<clinit>(Shell.java:386)
	at org.apache.hadoop.util.StringUtils.<clinit>(StringUtils.java:79)
	at org.apache.hadoop.security.Groups.parseStaticMapping(Groups.java:116)
	at org.apache.hadoop.security.Groups.<init>(Groups.java:93)
	at org.apache.hadoop.security.Groups.<init>(Groups.java:73)
	at org.apache.hadoop.security.Groups.getUserToGroupsMappingService(Groups.java:293)
	at org.apache.hadoop.security.UserGroupInformation.initialize(UserGroupInformation.java:283)
	at org.apache.hadoop.security.UserGroupInformation.ensureInitialized(UserGroupInformation.java:260)
	at org.apache.hadoop.security.UserGroupInformation.loginUserFromSubject(UserGroupInformation.java:789)
	at org.apache.hadoop.security.UserGroupInformation.getLoginUser(UserGroupInformation.java:774)
	at org.apache.hadoop.security.UserGroupInformation.getCurrentUser(UserGroupInformation.java:647)
	at org.apache.hadoop.mapreduce.task.JobContextImpl.<init>(JobContextImpl.java:72)
	at org.apache.hadoop.mapreduce.Job.<init>(Job.java:145)
	at org.apache.hadoop.mapreduce.Job.<init>(Job.java:132)
	at cn.hjr.wordcount.WordCount.main(WordCount.java:19)
2018-07-03 10:42:38  [ main:0 ] - [ ERROR ]  Failed to locate the winutils binary in the hadoop binary path
java.io.IOException: Could not locate executable null\bin\winutils.exe in the Hadoop binaries.
	at org.apache.hadoop.util.Shell.getQualifiedBinPath(Shell.java:378)
	at org.apache.hadoop.util.Shell.getWinUtilsPath(Shell.java:393)
	at org.apache.hadoop.util.Shell.<clinit>(Shell.java:386)
	at org.apache.hadoop.util.StringUtils.<clinit>(StringUtils.java:79)
	at org.apache.hadoop.security.Groups.parseStaticMapping(Groups.java:116)
	at org.apache.hadoop.security.Groups.<init>(Groups.java:93)
	at org.apache.hadoop.security.Groups.<init>(Groups.java:73)
	at org.apache.hadoop.security.Groups.getUserToGroupsMappingService(Groups.java:293)
	at org.apache.hadoop.security.UserGroupInformation.initialize(UserGroupInformation.java:283)
	at org.apache.hadoop.security.UserGroupInformation.ensureInitialized(UserGroupInformation.java:260)
	at org.apache.hadoop.security.UserGroupInformation.loginUserFromSubject(UserGroupInformation.java:789)
	at org.apache.hadoop.security.UserGroupInformation.getLoginUser(UserGroupInformation.java:774)
	at org.apache.hadoop.security.UserGroupInformation.getCurrentUser(UserGroupInformation.java:647)
	at org.apache.hadoop.mapreduce.task.JobContextImpl.<init>(JobContextImpl.java:72)
	at org.apache.hadoop.mapreduce.Job.<init>(Job.java:145)
	at org.apache.hadoop.mapreduce.Job.<init>(Job.java:132)
	at cn.hjr.wordcount.WordCount.main(WordCount.java:19)
2018-07-03 10:42:39  [ Thread-3:779 ] - [ ERROR ]  Mkdirs failed to create file:/g:/E:/MyHadoop/out/_temporary/0
2018-07-03 10:42:39  [ LocalJobRunner Map Task Executor #0:845 ] - [ ERROR ]  java.io.IOException: (null) entry in command string: null help
	at org.apache.hadoop.util.Shell$ShellCommandExecutor.execute(Shell.java:762)
	at org.apache.hadoop.yarn.util.WindowsBasedProcessTree.isAvailable(WindowsBasedProcessTree.java:57)
	at org.apache.hadoop.yarn.util.ResourceCalculatorProcessTree.getResourceCalculatorProcessTree(ResourceCalculatorProcessTree.java:153)
	at org.apache.hadoop.mapred.Task.initialize(Task.java:585)
	at org.apache.hadoop.mapred.MapTask.run(MapTask.java:324)
	at org.apache.hadoop.mapred.LocalJobRunner$Job$MapTaskRunnable.run(LocalJobRunner.java:243)
	at java.util.concurrent.Executors$RunnableAdapter.call(Executors.java:511)
	at java.util.concurrent.FutureTask.run$$$capture(FutureTask.java:266)
	at java.util.concurrent.FutureTask.run(FutureTask.java)
	at java.util.concurrent.ThreadPoolExecutor.runWorker(ThreadPoolExecutor.java:1149)
	at java.util.concurrent.ThreadPoolExecutor$Worker.run(ThreadPoolExecutor.java:624)
	at java.lang.Thread.run(Thread.java:748)

2018-07-03 10:42:39  [ pool-3-thread-1:953 ] - [ ERROR ]  java.io.IOException: (null) entry in command string: null help
	at org.apache.hadoop.util.Shell$ShellCommandExecutor.execute(Shell.java:762)
	at org.apache.hadoop.yarn.util.WindowsBasedProcessTree.isAvailable(WindowsBasedProcessTree.java:57)
	at org.apache.hadoop.yarn.util.ResourceCalculatorProcessTree.getResourceCalculatorProcessTree(ResourceCalculatorProcessTree.java:153)
	at org.apache.hadoop.mapred.Task.initialize(Task.java:585)
	at org.apache.hadoop.mapred.ReduceTask.run(ReduceTask.java:332)
	at org.apache.hadoop.mapred.LocalJobRunner$Job$ReduceTaskRunnable.run(LocalJobRunner.java:319)
	at java.util.concurrent.Executors$RunnableAdapter.call(Executors.java:511)
	at java.util.concurrent.FutureTask.run$$$capture(FutureTask.java:266)
	at java.util.concurrent.FutureTask.run(FutureTask.java)
	at java.util.concurrent.ThreadPoolExecutor.runWorker(ThreadPoolExecutor.java:1149)
	at java.util.concurrent.ThreadPoolExecutor$Worker.run(ThreadPoolExecutor.java:624)
	at java.lang.Thread.run(Thread.java:748)

2018-07-03 10:58:05  [ Thread-3:355 ] - [ ERROR ]  Mkdirs failed to create file:/g:/E:/MyHadoop/out/_temporary/0
