2018-07-03 10:41:57  [ main:0 ] - [ ERROR ]  Failed to locate the winutils binary in the hadoop binary path
java.io.IOException: Could not locate executable null\bin\winutils.exe in the Hadoop binaries.
	at org.apache.hadoop.util.Shell.getQualifiedBinPath(Shell.java:378)
	at org.apache.hadoop.util.Shell.getWinUtilsPath(Shell.java:393)
	at org.apache.hadoop.util.Shell.<clinit>(Shell.java:386)
	at org.apache.hadoop.util.StringUtils.<clinit>(StringUtils.java:79)
	at org.apache.hadoop.security.Groups.parseStaticMapping(Groups.java:116)
	at org.apache.hadoop.security.Groups.<init>(Groups.java:93)
	at org.apache.hadoop.security.Groups.<init>(Groups.java:73)
	at org.apache.hadoop.security.Groups.getUserToGroupsMappingService(Groups.java:293)
	at org.apache.hadoop.security.UserGroupInformation.initialize(UserGroupInformation.java:283)
	at org.apache.hadoop.security.UserGroupInformation.ensureInitialized(UserGroupInformation.java:260)
	at org.apache.hadoop.security.UserGroupInformation.loginUserFromSubject(UserGroupInformation.java:789)
	at org.apache.hadoop.security.UserGroupInformation.getLoginUser(UserGroupInformation.java:774)
	at org.apache.hadoop.security.UserGroupInformation.getCurrentUser(UserGroupInformation.java:647)
	at org.apache.hadoop.mapreduce.task.JobContextImpl.<init>(JobContextImpl.java:72)
	at org.apache.hadoop.mapreduce.Job.<init>(Job.java:145)
	at org.apache.hadoop.mapreduce.Job.<init>(Job.java:132)
	at cn.hjr.wordcount.WordCount.main(WordCount.java:19)
2018-07-03 10:42:38  [ main:0 ] - [ ERROR ]  Failed to locate the winutils binary in the hadoop binary path
java.io.IOException: Could not locate executable null\bin\winutils.exe in the Hadoop binaries.
	at org.apache.hadoop.util.Shell.getQualifiedBinPath(Shell.java:378)
	at org.apache.hadoop.util.Shell.getWinUtilsPath(Shell.java:393)
	at org.apache.hadoop.util.Shell.<clinit>(Shell.java:386)
	at org.apache.hadoop.util.StringUtils.<clinit>(StringUtils.java:79)
	at org.apache.hadoop.security.Groups.parseStaticMapping(Groups.java:116)
	at org.apache.hadoop.security.Groups.<init>(Groups.java:93)
	at org.apache.hadoop.security.Groups.<init>(Groups.java:73)
	at org.apache.hadoop.security.Groups.getUserToGroupsMappingService(Groups.java:293)
	at org.apache.hadoop.security.UserGroupInformation.initialize(UserGroupInformation.java:283)
	at org.apache.hadoop.security.UserGroupInformation.ensureInitialized(UserGroupInformation.java:260)
	at org.apache.hadoop.security.UserGroupInformation.loginUserFromSubject(UserGroupInformation.java:789)
	at org.apache.hadoop.security.UserGroupInformation.getLoginUser(UserGroupInformation.java:774)
	at org.apache.hadoop.security.UserGroupInformation.getCurrentUser(UserGroupInformation.java:647)
	at org.apache.hadoop.mapreduce.task.JobContextImpl.<init>(JobContextImpl.java:72)
	at org.apache.hadoop.mapreduce.Job.<init>(Job.java:145)
	at org.apache.hadoop.mapreduce.Job.<init>(Job.java:132)
	at cn.hjr.wordcount.WordCount.main(WordCount.java:19)
2018-07-03 10:42:38  [ main:535 ] - [ WARN ]  Hadoop command-line option parsing not performed. Implement the Tool interface and execute your application with ToolRunner to remedy this.
2018-07-03 10:42:38  [ main:538 ] - [ WARN ]  No job jar file set.  User classes may not be found. See Job or Job#setJar(String).
2018-07-03 10:42:39  [ Thread-3:779 ] - [ ERROR ]  Mkdirs failed to create file:/g:/E:/MyHadoop/out/_temporary/0
2018-07-03 10:42:39  [ LocalJobRunner Map Task Executor #0:845 ] - [ ERROR ]  java.io.IOException: (null) entry in command string: null help
	at org.apache.hadoop.util.Shell$ShellCommandExecutor.execute(Shell.java:762)
	at org.apache.hadoop.yarn.util.WindowsBasedProcessTree.isAvailable(WindowsBasedProcessTree.java:57)
	at org.apache.hadoop.yarn.util.ResourceCalculatorProcessTree.getResourceCalculatorProcessTree(ResourceCalculatorProcessTree.java:153)
	at org.apache.hadoop.mapred.Task.initialize(Task.java:585)
	at org.apache.hadoop.mapred.MapTask.run(MapTask.java:324)
	at org.apache.hadoop.mapred.LocalJobRunner$Job$MapTaskRunnable.run(LocalJobRunner.java:243)
	at java.util.concurrent.Executors$RunnableAdapter.call(Executors.java:511)
	at java.util.concurrent.FutureTask.run$$$capture(FutureTask.java:266)
	at java.util.concurrent.FutureTask.run(FutureTask.java)
	at java.util.concurrent.ThreadPoolExecutor.runWorker(ThreadPoolExecutor.java:1149)
	at java.util.concurrent.ThreadPoolExecutor$Worker.run(ThreadPoolExecutor.java:624)
	at java.lang.Thread.run(Thread.java:748)

2018-07-03 10:42:39  [ pool-3-thread-1:953 ] - [ ERROR ]  java.io.IOException: (null) entry in command string: null help
	at org.apache.hadoop.util.Shell$ShellCommandExecutor.execute(Shell.java:762)
	at org.apache.hadoop.yarn.util.WindowsBasedProcessTree.isAvailable(WindowsBasedProcessTree.java:57)
	at org.apache.hadoop.yarn.util.ResourceCalculatorProcessTree.getResourceCalculatorProcessTree(ResourceCalculatorProcessTree.java:153)
	at org.apache.hadoop.mapred.Task.initialize(Task.java:585)
	at org.apache.hadoop.mapred.ReduceTask.run(ReduceTask.java:332)
	at org.apache.hadoop.mapred.LocalJobRunner$Job$ReduceTaskRunnable.run(LocalJobRunner.java:319)
	at java.util.concurrent.Executors$RunnableAdapter.call(Executors.java:511)
	at java.util.concurrent.FutureTask.run$$$capture(FutureTask.java:266)
	at java.util.concurrent.FutureTask.run(FutureTask.java)
	at java.util.concurrent.ThreadPoolExecutor.runWorker(ThreadPoolExecutor.java:1149)
	at java.util.concurrent.ThreadPoolExecutor$Worker.run(ThreadPoolExecutor.java:624)
	at java.lang.Thread.run(Thread.java:748)

2018-07-03 10:42:39  [ Thread-3:1045 ] - [ WARN ]  job_local772501734_0001
java.lang.Exception: java.io.IOException: Mkdirs failed to create file:/g:/E:/MyHadoop/out/_temporary/0/_temporary/attempt_local772501734_0001_r_000000_0 (exists=false, cwd=file:/E:/MyHadoop)
	at org.apache.hadoop.mapred.LocalJobRunner$Job.runTasks(LocalJobRunner.java:462)
	at org.apache.hadoop.mapred.LocalJobRunner$Job.run(LocalJobRunner.java:529)
Caused by: java.io.IOException: Mkdirs failed to create file:/g:/E:/MyHadoop/out/_temporary/0/_temporary/attempt_local772501734_0001_r_000000_0 (exists=false, cwd=file:/E:/MyHadoop)
	at org.apache.hadoop.fs.ChecksumFileSystem.create(ChecksumFileSystem.java:447)
	at org.apache.hadoop.fs.ChecksumFileSystem.create(ChecksumFileSystem.java:433)
	at org.apache.hadoop.fs.FileSystem.create(FileSystem.java:908)
	at org.apache.hadoop.fs.FileSystem.create(FileSystem.java:889)
	at org.apache.hadoop.fs.FileSystem.create(FileSystem.java:786)
	at org.apache.hadoop.mapreduce.lib.output.TextOutputFormat.getRecordWriter(TextOutputFormat.java:132)
	at org.apache.hadoop.mapred.ReduceTask$NewTrackingRecordWriter.<init>(ReduceTask.java:540)
	at org.apache.hadoop.mapred.ReduceTask.runNewReducer(ReduceTask.java:614)
	at org.apache.hadoop.mapred.ReduceTask.run(ReduceTask.java:389)
	at org.apache.hadoop.mapred.LocalJobRunner$Job$ReduceTaskRunnable.run(LocalJobRunner.java:319)
	at java.util.concurrent.Executors$RunnableAdapter.call(Executors.java:511)
	at java.util.concurrent.FutureTask.run$$$capture(FutureTask.java:266)
	at java.util.concurrent.FutureTask.run(FutureTask.java)
	at java.util.concurrent.ThreadPoolExecutor.runWorker(ThreadPoolExecutor.java:1149)
	at java.util.concurrent.ThreadPoolExecutor$Worker.run(ThreadPoolExecutor.java:624)
	at java.lang.Thread.run(Thread.java:748)
2018-07-03 10:58:04  [ main:0 ] - [ WARN ]  Hadoop command-line option parsing not performed. Implement the Tool interface and execute your application with ToolRunner to remedy this.
2018-07-03 10:58:04  [ main:13 ] - [ WARN ]  No job jar file set.  User classes may not be found. See Job or Job#setJar(String).
2018-07-03 10:58:05  [ Thread-3:355 ] - [ ERROR ]  Mkdirs failed to create file:/g:/E:/MyHadoop/out/_temporary/0
2018-07-03 10:58:05  [ Thread-3:888 ] - [ WARN ]  job_local1581831031_0001
java.lang.Exception: java.io.IOException: Mkdirs failed to create file:/g:/E:/MyHadoop/out/_temporary/0/_temporary/attempt_local1581831031_0001_r_000000_0 (exists=false, cwd=file:/E:/MyHadoop)
	at org.apache.hadoop.mapred.LocalJobRunner$Job.runTasks(LocalJobRunner.java:462)
	at org.apache.hadoop.mapred.LocalJobRunner$Job.run(LocalJobRunner.java:529)
Caused by: java.io.IOException: Mkdirs failed to create file:/g:/E:/MyHadoop/out/_temporary/0/_temporary/attempt_local1581831031_0001_r_000000_0 (exists=false, cwd=file:/E:/MyHadoop)
	at org.apache.hadoop.fs.ChecksumFileSystem.create(ChecksumFileSystem.java:447)
	at org.apache.hadoop.fs.ChecksumFileSystem.create(ChecksumFileSystem.java:433)
	at org.apache.hadoop.fs.FileSystem.create(FileSystem.java:908)
	at org.apache.hadoop.fs.FileSystem.create(FileSystem.java:889)
	at org.apache.hadoop.fs.FileSystem.create(FileSystem.java:786)
	at org.apache.hadoop.mapreduce.lib.output.TextOutputFormat.getRecordWriter(TextOutputFormat.java:132)
	at org.apache.hadoop.mapred.ReduceTask$NewTrackingRecordWriter.<init>(ReduceTask.java:540)
	at org.apache.hadoop.mapred.ReduceTask.runNewReducer(ReduceTask.java:614)
	at org.apache.hadoop.mapred.ReduceTask.run(ReduceTask.java:389)
	at org.apache.hadoop.mapred.LocalJobRunner$Job$ReduceTaskRunnable.run(LocalJobRunner.java:319)
	at java.util.concurrent.Executors$RunnableAdapter.call(Executors.java:511)
	at java.util.concurrent.FutureTask.run$$$capture(FutureTask.java:266)
	at java.util.concurrent.FutureTask.run(FutureTask.java)
	at java.util.concurrent.ThreadPoolExecutor.runWorker(ThreadPoolExecutor.java:1149)
	at java.util.concurrent.ThreadPoolExecutor$Worker.run(ThreadPoolExecutor.java:624)
	at java.lang.Thread.run(Thread.java:748)
2018-07-03 10:58:52  [ main:0 ] - [ WARN ]  Hadoop command-line option parsing not performed. Implement the Tool interface and execute your application with ToolRunner to remedy this.
2018-07-03 10:58:52  [ main:5 ] - [ WARN ]  No job jar file set.  User classes may not be found. See Job or Job#setJar(String).
2018-07-03 11:02:17  [ main:0 ] - [ WARN ]  Hadoop command-line option parsing not performed. Implement the Tool interface and execute your application with ToolRunner to remedy this.
2018-07-03 11:02:17  [ main:5 ] - [ WARN ]  No job jar file set.  User classes may not be found. See Job or Job#setJar(String).
2018-07-03 11:03:50  [ main:0 ] - [ WARN ]  Hadoop command-line option parsing not performed. Implement the Tool interface and execute your application with ToolRunner to remedy this.
2018-07-03 11:03:50  [ main:3 ] - [ WARN ]  No job jar file set.  User classes may not be found. See Job or Job#setJar(String).
2018-07-03 11:46:26  [ main:0 ] - [ WARN ]  Hadoop command-line option parsing not performed. Implement the Tool interface and execute your application with ToolRunner to remedy this.
2018-07-03 11:46:26  [ main:5 ] - [ WARN ]  No job jar file set.  User classes may not be found. See Job or Job#setJar(String).
2018-07-03 11:46:55  [ main:0 ] - [ WARN ]  Hadoop command-line option parsing not performed. Implement the Tool interface and execute your application with ToolRunner to remedy this.
2018-07-03 11:46:55  [ main:3 ] - [ WARN ]  No job jar file set.  User classes may not be found. See Job or Job#setJar(String).
2018-07-03 11:46:55  [ Thread-3:238 ] - [ WARN ]  job_local1295244483_0001
java.lang.IllegalArgumentException: Can not create a Path from an empty string
	at org.apache.hadoop.fs.Path.checkPathArg(Path.java:127)
	at org.apache.hadoop.fs.Path.<init>(Path.java:184)
	at org.apache.hadoop.fs.Path.getParent(Path.java:357)
	at org.apache.hadoop.fs.RawLocalFileSystem.mkdirs(RawLocalFileSystem.java:427)
	at org.apache.hadoop.fs.RawLocalFileSystem.mkdirs(RawLocalFileSystem.java:441)
	at org.apache.hadoop.fs.RawLocalFileSystem.mkdirs(RawLocalFileSystem.java:441)
	at org.apache.hadoop.fs.RawLocalFileSystem.mkdirs(RawLocalFileSystem.java:441)
	at org.apache.hadoop.fs.ChecksumFileSystem.mkdirs(ChecksumFileSystem.java:690)
	at org.apache.hadoop.mapreduce.lib.output.FileOutputCommitter.setupJob(FileOutputCommitter.java:291)
	at org.apache.hadoop.mapred.LocalJobRunner$Job.run(LocalJobRunner.java:511)
2018-07-03 11:47:06  [ main:0 ] - [ WARN ]  Hadoop command-line option parsing not performed. Implement the Tool interface and execute your application with ToolRunner to remedy this.
2018-07-03 11:47:06  [ main:5 ] - [ WARN ]  No job jar file set.  User classes may not be found. See Job or Job#setJar(String).
2018-07-03 11:51:59  [ main:0 ] - [ WARN ]  Hadoop command-line option parsing not performed. Implement the Tool interface and execute your application with ToolRunner to remedy this.
2018-07-03 11:51:59  [ main:5 ] - [ WARN ]  No job jar file set.  User classes may not be found. See Job or Job#setJar(String).
2018-07-03 11:52:41  [ main:0 ] - [ WARN ]  Hadoop command-line option parsing not performed. Implement the Tool interface and execute your application with ToolRunner to remedy this.
2018-07-03 11:52:41  [ main:5 ] - [ WARN ]  No job jar file set.  User classes may not be found. See Job or Job#setJar(String).
2018-07-03 11:53:00  [ main:0 ] - [ WARN ]  Hadoop command-line option parsing not performed. Implement the Tool interface and execute your application with ToolRunner to remedy this.
2018-07-03 11:53:00  [ main:3 ] - [ WARN ]  No job jar file set.  User classes may not be found. See Job or Job#setJar(String).
2018-07-03 14:55:31  [ main:0 ] - [ WARN ]  Hadoop command-line option parsing not performed. Implement the Tool interface and execute your application with ToolRunner to remedy this.
2018-07-03 14:55:31  [ main:5 ] - [ WARN ]  No job jar file set.  User classes may not be found. See Job or Job#setJar(String).
2018-07-03 14:55:32  [ Thread-6:812 ] - [ WARN ]  job_local6202550_0001
java.lang.Exception: java.lang.ClassCastException: org.apache.hadoop.mapreduce.lib.input.FileSplit cannot be cast to org.apache.hadoop.mapred.FileSplit
	at org.apache.hadoop.mapred.LocalJobRunner$Job.runTasks(LocalJobRunner.java:462)
	at org.apache.hadoop.mapred.LocalJobRunner$Job.run(LocalJobRunner.java:522)
Caused by: java.lang.ClassCastException: org.apache.hadoop.mapreduce.lib.input.FileSplit cannot be cast to org.apache.hadoop.mapred.FileSplit
	at cn.hjr.poetry.PoetryMapper.map(PoetryMapper.java:17)
	at cn.hjr.poetry.PoetryMapper.map(PoetryMapper.java:11)
	at org.apache.hadoop.mapreduce.Mapper.run(Mapper.java:145)
	at org.apache.hadoop.mapred.MapTask.runNewMapper(MapTask.java:784)
	at org.apache.hadoop.mapred.MapTask.run(MapTask.java:341)
	at org.apache.hadoop.mapred.LocalJobRunner$Job$MapTaskRunnable.run(LocalJobRunner.java:243)
	at java.util.concurrent.Executors$RunnableAdapter.call(Executors.java:511)
	at java.util.concurrent.FutureTask.run$$$capture(FutureTask.java:266)
	at java.util.concurrent.FutureTask.run(FutureTask.java)
	at java.util.concurrent.ThreadPoolExecutor.runWorker(ThreadPoolExecutor.java:1149)
	at java.util.concurrent.ThreadPoolExecutor$Worker.run(ThreadPoolExecutor.java:624)
	at java.lang.Thread.run(Thread.java:748)
2018-07-03 14:57:04  [ main:0 ] - [ WARN ]  Hadoop command-line option parsing not performed. Implement the Tool interface and execute your application with ToolRunner to remedy this.
2018-07-03 14:57:04  [ main:3 ] - [ WARN ]  No job jar file set.  User classes may not be found. See Job or Job#setJar(String).
2018-07-03 14:57:05  [ Thread-6:619 ] - [ WARN ]  job_local2112567890_0001
java.lang.Exception: java.io.IOException: Illegal partition for Poetry03.txt (3)
	at org.apache.hadoop.mapred.LocalJobRunner$Job.runTasks(LocalJobRunner.java:462)
	at org.apache.hadoop.mapred.LocalJobRunner$Job.run(LocalJobRunner.java:522)
Caused by: java.io.IOException: Illegal partition for Poetry03.txt (3)
	at org.apache.hadoop.mapred.MapTask$MapOutputBuffer.collect(MapTask.java:1079)
	at org.apache.hadoop.mapred.MapTask$NewOutputCollector.write(MapTask.java:712)
	at org.apache.hadoop.mapreduce.task.TaskInputOutputContextImpl.write(TaskInputOutputContextImpl.java:89)
	at org.apache.hadoop.mapreduce.lib.map.WrappedMapper$Context.write(WrappedMapper.java:112)
	at cn.hjr.poetry.PoetryMapper.map(PoetryMapper.java:23)
	at cn.hjr.poetry.PoetryMapper.map(PoetryMapper.java:11)
	at org.apache.hadoop.mapreduce.Mapper.run(Mapper.java:145)
	at org.apache.hadoop.mapred.MapTask.runNewMapper(MapTask.java:784)
	at org.apache.hadoop.mapred.MapTask.run(MapTask.java:341)
	at org.apache.hadoop.mapred.LocalJobRunner$Job$MapTaskRunnable.run(LocalJobRunner.java:243)
	at java.util.concurrent.Executors$RunnableAdapter.call(Executors.java:511)
	at java.util.concurrent.FutureTask.run$$$capture(FutureTask.java:266)
	at java.util.concurrent.FutureTask.run(FutureTask.java)
	at java.util.concurrent.ThreadPoolExecutor.runWorker(ThreadPoolExecutor.java:1149)
	at java.util.concurrent.ThreadPoolExecutor$Worker.run(ThreadPoolExecutor.java:624)
	at java.lang.Thread.run(Thread.java:748)
2018-07-03 14:57:58  [ main:0 ] - [ WARN ]  Hadoop command-line option parsing not performed. Implement the Tool interface and execute your application with ToolRunner to remedy this.
2018-07-03 14:57:58  [ main:5 ] - [ WARN ]  No job jar file set.  User classes may not be found. See Job or Job#setJar(String).
2018-07-03 14:57:59  [ Thread-6:625 ] - [ WARN ]  job_local617537554_0001
java.lang.Exception: java.io.IOException: Illegal partition for Poetry03.txt (3)
	at org.apache.hadoop.mapred.LocalJobRunner$Job.runTasks(LocalJobRunner.java:462)
	at org.apache.hadoop.mapred.LocalJobRunner$Job.run(LocalJobRunner.java:522)
Caused by: java.io.IOException: Illegal partition for Poetry03.txt (3)
	at org.apache.hadoop.mapred.MapTask$MapOutputBuffer.collect(MapTask.java:1079)
	at org.apache.hadoop.mapred.MapTask$NewOutputCollector.write(MapTask.java:712)
	at org.apache.hadoop.mapreduce.task.TaskInputOutputContextImpl.write(TaskInputOutputContextImpl.java:89)
	at org.apache.hadoop.mapreduce.lib.map.WrappedMapper$Context.write(WrappedMapper.java:112)
	at cn.hjr.poetry.PoetryMapper.map(PoetryMapper.java:23)
	at cn.hjr.poetry.PoetryMapper.map(PoetryMapper.java:11)
	at org.apache.hadoop.mapreduce.Mapper.run(Mapper.java:145)
	at org.apache.hadoop.mapred.MapTask.runNewMapper(MapTask.java:784)
	at org.apache.hadoop.mapred.MapTask.run(MapTask.java:341)
	at org.apache.hadoop.mapred.LocalJobRunner$Job$MapTaskRunnable.run(LocalJobRunner.java:243)
	at java.util.concurrent.Executors$RunnableAdapter.call(Executors.java:511)
	at java.util.concurrent.FutureTask.run$$$capture(FutureTask.java:266)
	at java.util.concurrent.FutureTask.run(FutureTask.java)
	at java.util.concurrent.ThreadPoolExecutor.runWorker(ThreadPoolExecutor.java:1149)
	at java.util.concurrent.ThreadPoolExecutor$Worker.run(ThreadPoolExecutor.java:624)
	at java.lang.Thread.run(Thread.java:748)
2018-07-03 15:03:28  [ main:0 ] - [ WARN ]  Hadoop command-line option parsing not performed. Implement the Tool interface and execute your application with ToolRunner to remedy this.
2018-07-03 15:03:28  [ main:4 ] - [ WARN ]  No job jar file set.  User classes may not be found. See Job or Job#setJar(String).
2018-07-03 15:03:29  [ Thread-6:1080 ] - [ WARN ]  job_local1120015686_0001
java.lang.Exception: java.io.IOException: Illegal partition for Poetry03.txt (3)
	at org.apache.hadoop.mapred.LocalJobRunner$Job.runTasks(LocalJobRunner.java:462)
	at org.apache.hadoop.mapred.LocalJobRunner$Job.run(LocalJobRunner.java:522)
Caused by: java.io.IOException: Illegal partition for Poetry03.txt (3)
	at org.apache.hadoop.mapred.MapTask$MapOutputBuffer.collect(MapTask.java:1079)
	at org.apache.hadoop.mapred.MapTask$NewOutputCollector.write(MapTask.java:712)
	at org.apache.hadoop.mapreduce.task.TaskInputOutputContextImpl.write(TaskInputOutputContextImpl.java:89)
	at org.apache.hadoop.mapreduce.lib.map.WrappedMapper$Context.write(WrappedMapper.java:112)
	at cn.hjr.poetry.PoetryMapper.map(PoetryMapper.java:23)
	at cn.hjr.poetry.PoetryMapper.map(PoetryMapper.java:11)
	at org.apache.hadoop.mapreduce.Mapper.run(Mapper.java:145)
	at org.apache.hadoop.mapred.MapTask.runNewMapper(MapTask.java:784)
	at org.apache.hadoop.mapred.MapTask.run(MapTask.java:341)
	at org.apache.hadoop.mapred.LocalJobRunner$Job$MapTaskRunnable.run(LocalJobRunner.java:243)
	at java.util.concurrent.Executors$RunnableAdapter.call(Executors.java:511)
	at java.util.concurrent.FutureTask.run$$$capture(FutureTask.java:266)
	at java.util.concurrent.FutureTask.run(FutureTask.java)
	at java.util.concurrent.ThreadPoolExecutor.runWorker(ThreadPoolExecutor.java:1149)
	at java.util.concurrent.ThreadPoolExecutor$Worker.run(ThreadPoolExecutor.java:624)
	at java.lang.Thread.run(Thread.java:748)
2018-07-03 15:05:41  [ main:0 ] - [ WARN ]  Hadoop command-line option parsing not performed. Implement the Tool interface and execute your application with ToolRunner to remedy this.
2018-07-03 15:05:41  [ main:3 ] - [ WARN ]  No job jar file set.  User classes may not be found. See Job or Job#setJar(String).
2018-07-03 15:05:42  [ Thread-6:717 ] - [ WARN ]  job_local927310553_0001
java.lang.Exception: java.io.IOException: Illegal partition for Poetry03.txt (3)
	at org.apache.hadoop.mapred.LocalJobRunner$Job.runTasks(LocalJobRunner.java:462)
	at org.apache.hadoop.mapred.LocalJobRunner$Job.run(LocalJobRunner.java:522)
Caused by: java.io.IOException: Illegal partition for Poetry03.txt (3)
	at org.apache.hadoop.mapred.MapTask$MapOutputBuffer.collect(MapTask.java:1079)
	at org.apache.hadoop.mapred.MapTask$NewOutputCollector.write(MapTask.java:712)
	at org.apache.hadoop.mapreduce.task.TaskInputOutputContextImpl.write(TaskInputOutputContextImpl.java:89)
	at org.apache.hadoop.mapreduce.lib.map.WrappedMapper$Context.write(WrappedMapper.java:112)
	at cn.hjr.poetry.PoetryMapper.map(PoetryMapper.java:23)
	at cn.hjr.poetry.PoetryMapper.map(PoetryMapper.java:11)
	at org.apache.hadoop.mapreduce.Mapper.run(Mapper.java:145)
	at org.apache.hadoop.mapred.MapTask.runNewMapper(MapTask.java:784)
	at org.apache.hadoop.mapred.MapTask.run(MapTask.java:341)
	at org.apache.hadoop.mapred.LocalJobRunner$Job$MapTaskRunnable.run(LocalJobRunner.java:243)
	at java.util.concurrent.Executors$RunnableAdapter.call(Executors.java:511)
	at java.util.concurrent.FutureTask.run$$$capture(FutureTask.java:266)
	at java.util.concurrent.FutureTask.run(FutureTask.java)
	at java.util.concurrent.ThreadPoolExecutor.runWorker(ThreadPoolExecutor.java:1149)
	at java.util.concurrent.ThreadPoolExecutor$Worker.run(ThreadPoolExecutor.java:624)
	at java.lang.Thread.run(Thread.java:748)
2018-07-03 15:06:16  [ main:0 ] - [ WARN ]  Hadoop command-line option parsing not performed. Implement the Tool interface and execute your application with ToolRunner to remedy this.
2018-07-03 15:06:16  [ main:4 ] - [ WARN ]  No job jar file set.  User classes may not be found. See Job or Job#setJar(String).
2018-07-03 15:07:46  [ main:0 ] - [ WARN ]  Hadoop command-line option parsing not performed. Implement the Tool interface and execute your application with ToolRunner to remedy this.
2018-07-03 15:07:46  [ main:4 ] - [ WARN ]  No job jar file set.  User classes may not be found. See Job or Job#setJar(String).
